<?xml version="1.0" encoding="UTF-8"?>
<testsuite name="ru.netology.CardDeliveryTest" tests="1" skipped="0" failures="0" errors="0" timestamp="2021-04-07T15:41:20" hostname="Viktors-MacBook-Pro.local" time="14.021">
  <properties/>
  <testcase name="shouldSubmitOrder()" classname="ru.netology.CardDeliveryTest" time="14.021"/>
  <system-out><![CDATA[]]></system-out>
  <system-err><![CDATA[SLF4J: Failed to load class "org.slf4j.impl.StaticLoggerBinder".
SLF4J: Defaulting to no-operation (NOP) logger implementation
SLF4J: See http://www.slf4j.org/codes.html#StaticLoggerBinder for further details.
Starting ChromeDriver 89.0.4389.23 (61b08ee2c50024bab004e48d2b1b083cdbdac579-refs/branch-heads/4389@{#294}) on port 15514
Only local connections are allowed.
Please see https://chromedriver.chromium.org/security-considerations for suggestions on keeping ChromeDriver safe.
ChromeDriver was started successfully.
апр. 07, 2021 6:41:22 PM org.openqa.selenium.remote.ProtocolHandshake createSession
INFO: Detected dialect: W3C
]]></system-err>
</testsuite>
